0 info it worked if it ends with ok
1 verbose cli [ '/usr/local/bin/node',
1 verbose cli   '/usr/local/bin/npm',
1 verbose cli   'install',
1 verbose cli   '-g',
1 verbose cli   'firebase-tools' ]
2 info using npm@2.14.7
3 info using node@v4.2.3
4 verbose install initial load of /usr/local/lib/package.json
5 verbose readDependencies loading dependencies from /usr/local/lib/package.json
6 silly cache add args [ 'firebase-tools', null ]
7 verbose cache add spec firebase-tools
8 silly cache add parsed spec Result {
8 silly cache add   raw: 'firebase-tools',
8 silly cache add   scope: null,
8 silly cache add   name: 'firebase-tools',
8 silly cache add   rawSpec: '',
8 silly cache add   spec: '*',
8 silly cache add   type: 'range' }
9 silly addNamed firebase-tools@*
10 verbose addNamed "*" is a valid semver range for firebase-tools
11 silly addNameRange { name: 'firebase-tools', range: '*', hasData: false }
12 silly mapToRegistry name firebase-tools
13 silly mapToRegistry using default registry
14 silly mapToRegistry registry https://registry.npmjs.org/
15 silly mapToRegistry uri https://registry.npmjs.org/firebase-tools
16 verbose addNameRange registry:https://registry.npmjs.org/firebase-tools not in flight; fetching
17 verbose request uri https://registry.npmjs.org/firebase-tools
18 verbose request no auth needed
19 info attempt registry request try #1 at 6:49:43 PM
20 verbose request id deba2166de866045
21 http request GET https://registry.npmjs.org/firebase-tools
22 http 200 https://registry.npmjs.org/firebase-tools
23 verbose headers { server: 'CouchDB/1.5.0 (Erlang OTP/R16B03)',
23 verbose headers   etag: '"BTNN1NZ1PVMCTH3I3YL9YPZAT"',
23 verbose headers   'content-type': 'application/json',
23 verbose headers   'cache-control': 'max-age=300',
23 verbose headers   'content-length': '56905',
23 verbose headers   'accept-ranges': 'bytes',
23 verbose headers   date: 'Sat, 12 Dec 2015 00:49:39 GMT',
23 verbose headers   via: '1.1 varnish',
23 verbose headers   age: '79',
23 verbose headers   connection: 'keep-alive',
23 verbose headers   'x-served-by': 'cache-iad2124-IAD',
23 verbose headers   'x-cache': 'HIT',
23 verbose headers   'x-cache-hits': '1',
23 verbose headers   'x-timer': 'S1449881379.445508,VS0,VE0',
23 verbose headers   vary: 'Accept' }
24 silly get cb [ 200,
24 silly get   { server: 'CouchDB/1.5.0 (Erlang OTP/R16B03)',
24 silly get     etag: '"BTNN1NZ1PVMCTH3I3YL9YPZAT"',
24 silly get     'content-type': 'application/json',
24 silly get     'cache-control': 'max-age=300',
24 silly get     'content-length': '56905',
24 silly get     'accept-ranges': 'bytes',
24 silly get     date: 'Sat, 12 Dec 2015 00:49:39 GMT',
24 silly get     via: '1.1 varnish',
24 silly get     age: '79',
24 silly get     connection: 'keep-alive',
24 silly get     'x-served-by': 'cache-iad2124-IAD',
24 silly get     'x-cache': 'HIT',
24 silly get     'x-cache-hits': '1',
24 silly get     'x-timer': 'S1449881379.445508,VS0,VE0',
24 silly get     vary: 'Accept' } ]
25 verbose get saving firebase-tools to /Users/davidcramb/.npm/registry.npmjs.org/firebase-tools/.cache.json
26 verbose makeDirectory /Users/davidcramb/.npm creation not in flight; initializing
27 silly makeDirectory /Users/davidcramb/.npm uid: 501 gid: 20
28 silly addNameRange number 2 { name: 'firebase-tools', range: '*', hasData: true }
29 silly addNameRange versions [ 'firebase-tools',
29 silly addNameRange   [ '0.0.1',
29 silly addNameRange     '0.0.2',
29 silly addNameRange     '0.0.3',
29 silly addNameRange     '0.0.4',
29 silly addNameRange     '0.0.5',
29 silly addNameRange     '0.0.6',
29 silly addNameRange     '0.1.0',
29 silly addNameRange     '0.1.1',
29 silly addNameRange     '0.1.2',
29 silly addNameRange     '0.1.3',
29 silly addNameRange     '0.1.4',
29 silly addNameRange     '0.1.5',
29 silly addNameRange     '0.1.6',
29 silly addNameRange     '0.2.0',
29 silly addNameRange     '0.3.0',
29 silly addNameRange     '0.4.0',
29 silly addNameRange     '0.5.0',
29 silly addNameRange     '1.0.0',
29 silly addNameRange     '1.0.1',
29 silly addNameRange     '1.0.2',
29 silly addNameRange     '1.0.3',
29 silly addNameRange     '1.0.4',
29 silly addNameRange     '1.0.5',
29 silly addNameRange     '1.0.6',
29 silly addNameRange     '1.1.0',
29 silly addNameRange     '1.1.1',
29 silly addNameRange     '1.1.2',
29 silly addNameRange     '1.1.3',
29 silly addNameRange     '1.1.4',
29 silly addNameRange     '1.1.5',
29 silly addNameRange     '1.1.6',
29 silly addNameRange     '1.2.0',
29 silly addNameRange     '2.0.0',
29 silly addNameRange     '2.0.1',
29 silly addNameRange     '2.0.2',
29 silly addNameRange     '2.1.0',
29 silly addNameRange     '2.1.1' ] ]
30 silly addNamed firebase-tools@2.1.1
31 verbose addNamed "2.1.1" is a plain semver version for firebase-tools
32 silly mapToRegistry name firebase-tools
33 silly mapToRegistry using default registry
34 silly mapToRegistry registry https://registry.npmjs.org/
35 silly mapToRegistry uri https://registry.npmjs.org/firebase-tools
36 verbose addRemoteTarball https://registry.npmjs.org/firebase-tools/-/firebase-tools-2.1.1.tgz not in flight; adding
37 verbose addRemoteTarball [ 'https://registry.npmjs.org/firebase-tools/-/firebase-tools-2.1.1.tgz',
37 verbose addRemoteTarball   '761bb8bdd90115d88d65a3235934c334fd40d30e' ]
38 info retry fetch attempt 1 at 6:49:43 PM
39 info attempt registry request try #1 at 6:49:43 PM
40 http fetch GET https://registry.npmjs.org/firebase-tools/-/firebase-tools-2.1.1.tgz
41 http fetch 200 https://registry.npmjs.org/firebase-tools/-/firebase-tools-2.1.1.tgz
42 silly fetchAndShaCheck shasum 761bb8bdd90115d88d65a3235934c334fd40d30e
43 verbose addTmpTarball /var/folders/y3/pxx38k4s5lv9vz78v96kk3fc0000gn/T/npm-6057-dbea25cf/registry.npmjs.org/firebase-tools/-/firebase-tools-2.1.1.tgz not in flight; adding
44 verbose addTmpTarball already have metadata; skipping unpack for firebase-tools@2.1.1
45 silly cache afterAdd firebase-tools@2.1.1
46 verbose afterAdd /Users/davidcramb/.npm/firebase-tools/2.1.1/package/package.json not in flight; writing
47 verbose afterAdd /Users/davidcramb/.npm/firebase-tools/2.1.1/package/package.json written
48 silly install resolved [ { name: 'firebase-tools',
48 silly install resolved     version: '2.1.1',
48 silly install resolved     description: 'Command-Line Interface for Firebase',
48 silly install resolved     main: 'index.js',
48 silly install resolved     bin: { firebase: './bin/firebase' },
48 silly install resolved     scripts: { test: 'gulp' },
48 silly install resolved     repository:
48 silly install resolved      { type: 'git',
48 silly install resolved        url: 'https://github.com/firebase/firebase-tools.git' },
48 silly install resolved     keywords:
48 silly install resolved      [ 'cdn',
48 silly install resolved        'cli',
48 silly install resolved        'ssl',
48 silly install resolved        'cloud',
48 silly install resolved        'hosting',
48 silly install resolved        'firebase',
48 silly install resolved        'realtime',
48 silly install resolved        'websockets',
48 silly install resolved        'synchronization' ],
48 silly install resolved     preferGlobal: true,
48 silly install resolved     engines: { node: '>=0.10.0' },
48 silly install resolved     'engine-strict': true,
48 silly install resolved     author:
48 silly install resolved      { name: 'Firebase',
48 silly install resolved        email: 'support@firebase.com',
48 silly install resolved        url: 'https://www.firebase.com/' },
48 silly install resolved     license: 'MIT',
48 silly install resolved     bugs: { url: 'https://github.com/firebase/firebase-tools/issues' },
48 silly install resolved     files: [ 'bin/**', 'lib/**', 'commands/**', 'templates/**', 'index.js' ],
48 silly install resolved     homepage: 'https://github.com/firebase/firebase-tools',
48 silly install resolved     dependencies:
48 silly install resolved      { chalk: '^1.1.0',
48 silly install resolved        cjson: '^0.3.1',
48 silly install resolved        'cli-table': '^0.3.1',
48 silly install resolved        commander: '^2.8.1',
48 silly install resolved        'concat-stream': '^1.5.0',
48 silly install resolved        configstore: '^1.2.0',
48 silly install resolved        didyoumean: '^1.2.1',
48 silly install resolved        'exit-code': '^1.0.2',
48 silly install resolved        filesize: '^3.1.3',
48 silly install resolved        firebase: '2.x.x',
48 silly install resolved        'fs-extra': '^0.23.1',
48 silly install resolved        'fstream-ignore': '^1.0.2',
48 silly install resolved        inquirer: '^0.8.5',
48 silly install resolved        jsonschema: '^1.0.2',
48 silly install resolved        lodash: '^3.10.0',
48 silly install resolved        'node-uuid': '^1.4.3',
48 silly install resolved        open: '0.0.5',
48 silly install resolved        progress: '^1.1.8',
48 silly install resolved        request: '^2.58.0',
48 silly install resolved        rsvp: '^3.0.18',
48 silly install resolved        semver: '^5.0.3',
48 silly install resolved        superstatic: '^3.0.0',
48 silly install resolved        tar: '^2.2.0',
48 silly install resolved        through: '^2.3.8',
48 silly install resolved        tmp: '0.0.27',
48 silly install resolved        'universal-analytics': '^0.3.9',
48 silly install resolved        'update-notifier': '^0.5.0',
48 silly install resolved        'user-home': '^2.0.0',
48 silly install resolved        uuid: '^2.0.1',
48 silly install resolved        winston: '^1.0.1' },
48 silly install resolved     devDependencies:
48 silly install resolved      { chai: '^3.0.0',
48 silly install resolved        'chai-as-promised': '^5.1.0',
48 silly install resolved        coveralls: '2.11.2',
48 silly install resolved        eslint: '^1.4.1',
48 silly install resolved        gulp: '^3.9.0',
48 silly install resolved        'gulp-eslint': '^1.0.0',
48 silly install resolved        'gulp-exit': '0.0.2',
48 silly install resolved        'gulp-istanbul': '^0.10.0',
48 silly install resolved        'gulp-mocha': '^2.1.2',
48 silly install resolved        'jshint-stylish': '^2.0.1',
48 silly install resolved        nock: '^2.10.0' },
48 silly install resolved     gitHead: '0a48b8b54a18d020ccfcf4360c0af06217201eba',
48 silly install resolved     _id: 'firebase-tools@2.1.1',
48 silly install resolved     _shasum: '761bb8bdd90115d88d65a3235934c334fd40d30e',
48 silly install resolved     _from: 'firebase-tools@*',
48 silly install resolved     _npmVersion: '2.7.5',
48 silly install resolved     _nodeVersion: '0.10.38',
48 silly install resolved     _npmUser: { name: 'firebase', email: 'operations@firebase.com' },
48 silly install resolved     maintainers: [ [Object] ],
48 silly install resolved     dist:
48 silly install resolved      { shasum: '761bb8bdd90115d88d65a3235934c334fd40d30e',
48 silly install resolved        tarball: 'http://registry.npmjs.org/firebase-tools/-/firebase-tools-2.1.1.tgz' },
48 silly install resolved     directories: {},
48 silly install resolved     _resolved: 'https://registry.npmjs.org/firebase-tools/-/firebase-tools-2.1.1.tgz' } ]
49 info install firebase-tools@2.1.1 into /usr/local/lib
50 info installOne firebase-tools@2.1.1
51 verbose installOne of firebase-tools to /usr/local/lib not in flight; installing
52 verbose makeDirectory /Users/davidcramb/.npm/_locks creation not in flight; initializing
53 silly makeDirectory /Users/davidcramb/.npm/_locks uid: 501 gid: 20
54 verbose lock using /Users/davidcramb/.npm/_locks/firebase-tools-10d1b8d676fd02fa.lock for /usr/local/lib/node_modules/firebase-tools
55 silly install write writing firebase-tools 2.1.1 to /usr/local/lib/node_modules/firebase-tools
56 verbose unbuild lib/node_modules/firebase-tools
57 silly gentlyRm /usr/local/lib/node_modules/firebase-tools is being purged from base /usr/local
58 verbose gentlyRm don't care about contents; nuking /usr/local/lib/node_modules/firebase-tools
59 verbose tar unpack /Users/davidcramb/.npm/firebase-tools/2.1.1/package.tgz
60 verbose tar unpacking to /usr/local/lib/node_modules/firebase-tools
61 silly gentlyRm /usr/local/lib/node_modules/firebase-tools is being purged
62 verbose gentlyRm don't care about contents; nuking /usr/local/lib/node_modules/firebase-tools
63 silly gunzTarPerm modes [ '755', '644' ]
64 error tar.unpack untar error /Users/davidcramb/.npm/firebase-tools/2.1.1/package.tgz
65 verbose unlock done using /Users/davidcramb/.npm/_locks/firebase-tools-10d1b8d676fd02fa.lock for /usr/local/lib/node_modules/firebase-tools
66 verbose fstream_path /usr/local/lib/node_modules/firebase-tools
67 verbose fstream_type Directory
68 verbose fstream_class DirWriter
69 verbose stack Error: EACCES: permission denied, mkdir '/usr/local/lib/node_modules/firebase-tools'
69 verbose stack     at Error (native)
70 verbose fstream_stack /usr/local/lib/node_modules/npm/node_modules/fstream/lib/dir-writer.js:35:25
70 verbose fstream_stack /usr/local/lib/node_modules/npm/node_modules/mkdirp/index.js:47:53
70 verbose fstream_stack FSReqWrap.oncomplete (fs.js:82:15)
71 verbose cwd /Users/davidcramb/Desktop/SavvyCoders/webstore/savvycodershack2
72 error Darwin 14.5.0
73 error argv "/usr/local/bin/node" "/usr/local/bin/npm" "install" "-g" "firebase-tools"
74 error node v4.2.3
75 error npm  v2.14.7
76 error path /usr/local/lib/node_modules/firebase-tools
77 error code EACCES
78 error errno -13
79 error syscall mkdir
80 error Error: EACCES: permission denied, mkdir '/usr/local/lib/node_modules/firebase-tools'
80 error     at Error (native)
80 error  { [Error: EACCES: permission denied, mkdir '/usr/local/lib/node_modules/firebase-tools']
80 error   errno: -13,
80 error   code: 'EACCES',
80 error   syscall: 'mkdir',
80 error   path: '/usr/local/lib/node_modules/firebase-tools',
80 error   fstream_type: 'Directory',
80 error   fstream_path: '/usr/local/lib/node_modules/firebase-tools',
80 error   fstream_class: 'DirWriter',
80 error   fstream_stack:
80 error    [ '/usr/local/lib/node_modules/npm/node_modules/fstream/lib/dir-writer.js:35:25',
80 error      '/usr/local/lib/node_modules/npm/node_modules/mkdirp/index.js:47:53',
80 error      'FSReqWrap.oncomplete (fs.js:82:15)' ] }
81 error Please try running this command again as root/Administrator.
82 verbose exit [ -13, true ]
83 verbose unbuild lib/node_modules/firebase-tools
84 silly gentlyRm /usr/local/lib/node_modules/firebase-tools is being purged from base /usr/local
85 verbose gentlyRm don't care about contents; nuking /usr/local/lib/node_modules/firebase-tools
